
wx201704071107112255956eec0888301917
Array
wx201704071741300e7a5a72e40162872257
Array
wx20170407174133c4057a62910544229044
Array
wx2017040717414258d1e613400317797346
Array
wx20170407174209b8a8fd997c0067826042
Array
wx2017040717425638cecfcd430633988447
Array
wx20170407174800426d9a24c00441325183
Array
wx201704071749353ea84774a10000635100
Array
wx2017040717550086d3445bb10309773086
Array
wx20170407175551316e1b71390018976470
Array
wx20170407175830c812f45e760630567956
Array
wx201704100914302d91798ba00593952029
Array
wx201704101436444aa8ab42790846646275
Array
wx20170410144244668fd4bc6e0292868725
Array
wx201704101442518933d4b8120449633561
Array
wx201704101654537436ce37790465810005
Array
wx201704101655035a0ebf56ef0681660710
Array
wx2017041016572345b283a6050671838619
Array
wx20170410165927c70c49a1cd0585375559
Array
wx2017041016595087d7d1bb350618874406
Array
wx201704101700020b244be2a80955154118
Array
wx20170411182050765d54a7d50658568724
Array
wx2017041118231522a2e3912f0481415765
Array
wx20170412091419687215a89b0976428669
Array
wx201704120916132b80e1afce0504486813
Array
wx2017041209163013fedee50a0175843394
Array
wx20170412091742280e997f710935681314
Array
wx2017041209194076c9d1078d0523773061
Array
wx20170412091948899293c1c90080087704
Array
wx20170412092003e34a9ab6040241699207
Array
wx20170412092040d9a54e93180411435455
Array
wx2017041209232921adde65770219120109
Array
wx201704120923350903fb36cb0745604578
Array
wx20170412092655e3aaea2ee90389074874
Array
wx201704121017198a4014d4360454448288
Array
wx20170412102722902d21622a0312356711
Array
wx2017041210293126f9d4f6600665992563
Array
wx20170412103156d9abf975170103116368
Array
wx201704121032026fb820919c0182604427
Array
wx2017041210350438b5e8358d0308564281
Array
wx2017041210401150a50d69120372754617
Array
wx20170412110348725051ccb60012297003
Array
wx20170412110359b187db5f3d0434586795
Array
wx20170412110455be0ec444990501582732
Array
wx20170412110502f60a918bf60129028066
Array
wx2017041211153747720d53310031988606
Array
wx20170412111859b19ea2984d0563285874
Array
wx20170412191924b45dc58dd80263851086
Array
wx2017041411265326e5f51ad40951453425
Array
wx20170414113422a52c9ccab90621082464
Array
wx2017041411390400eaacaf600568572870
Array
<xml><appid><![CDATA[wxb6109e47aae9f78c]]></appid>
<bank_type><![CDATA[CFT]]></bank_type>
<cash_fee><![CDATA[1]]></cash_fee>
<fee_type><![CDATA[CNY]]></fee_type>
<is_subscribe><![CDATA[Y]]></is_subscribe>
<mch_id><![CDATA[1460513402]]></mch_id>
<nonce_str><![CDATA[ad2cb7533af760ef02331081550409fe]]></nonce_str>
<openid><![CDATA[oCy93wQFuXdhD8Oli3g8Pt1hS2n0]]></openid>
<out_trade_no><![CDATA[DL_10008_d485b0ad5635a709]]></out_trade_no>
<result_code><![CDATA[SUCCESS]]></result_code>
<return_code><![CDATA[SUCCESS]]></return_code>
<sign><![CDATA[144C94746125E0A2A5A043A37B8660B8]]></sign>
<time_end><![CDATA[20170414113403]]></time_end>
<total_fee>1</total_fee>
<trade_type><![CDATA[JSAPI]]></trade_type>
<transaction_id><![CDATA[4000422001201704146938146331]]></transaction_id>
</xml>
金额不符
<xml><appid><![CDATA[wxb6109e47aae9f78c]]></appid>
<bank_type><![CDATA[CFT]]></bank_type>
<cash_fee><![CDATA[1]]></cash_fee>
<fee_type><![CDATA[CNY]]></fee_type>
<is_subscribe><![CDATA[Y]]></is_subscribe>
<mch_id><![CDATA[1460513402]]></mch_id>
<nonce_str><![CDATA[db822ba84e940d6f42a06ff283a7232b]]></nonce_str>
<openid><![CDATA[oCy93wQFuXdhD8Oli3g8Pt1hS2n0]]></openid>
<out_trade_no><![CDATA[DL_10008_2667f226fe0e39d2]]></out_trade_no>
<result_code><![CDATA[SUCCESS]]></result_code>
<return_code><![CDATA[SUCCESS]]></return_code>
<sign><![CDATA[F4A1D869D33827DB30C466FBFEFD717C]]></sign>
<time_end><![CDATA[20170414113427]]></time_end>
<total_fee>1</total_fee>
<trade_type><![CDATA[JSAPI]]></trade_type>
<transaction_id><![CDATA[4000422001201704146938202219]]></transaction_id>
</xml>
金额不符
<xml><appid><![CDATA[wxb6109e47aae9f78c]]></appid>
<bank_type><![CDATA[CFT]]></bank_type>
<cash_fee><![CDATA[1]]></cash_fee>
<fee_type><![CDATA[CNY]]></fee_type>
<is_subscribe><![CDATA[Y]]></is_subscribe>
<mch_id><![CDATA[1460513402]]></mch_id>
<nonce_str><![CDATA[091d35bc5b5adc47ad54f705feba88b5]]></nonce_str>
<openid><![CDATA[oCy93wQFuXdhD8Oli3g8Pt1hS2n0]]></openid>
<out_trade_no><![CDATA[DL_10008_175663c157e8fed0]]></out_trade_no>
<result_code><![CDATA[SUCCESS]]></result_code>
<return_code><![CDATA[SUCCESS]]></return_code>
<sign><![CDATA[BC7C1D94063988EF506C918AD998F393]]></sign>
<time_end><![CDATA[20170414113912]]></time_end>
<total_fee>1</total_fee>
<trade_type><![CDATA[JSAPI]]></trade_type>
<transaction_id><![CDATA[4000422001201704146939941026]]></transaction_id>
</xml>
金额不符
